<?xml version="1.0" encoding="UTF-8"?>
<!-- Generated by org.testng.reporters.JUnitXMLReporter -->
<testsuite hostname="192-168-1-8.tpgi.com.au" ignored="0" name="Test Ebay TV Purchase" tests="7" failures="0" timestamp="30 Jul 2018 13:44:17 GMT" time="193.036" errors="0">
  <testcase name="testLoginToEBay" time="48.805" classname="com.tests.VerifyEBayTest"/>
  <testcase name="testSearchTV1" time="9.329" classname="com.tests.VerifyEBayTest"/>
  <testcase name="testGetTV1" time="5.626" classname="com.tests.VerifyEBayTest"/>
  <testcase name="testVerifyTVSelected1" time="10.951" classname="com.tests.VerifyEBayTest"/>
  <testcase name="testSearchTV2" time="69.321" classname="com.tests.VerifyEBayTest"/>
  <testcase name="testGetTV2" time="17.493" classname="com.tests.VerifyEBayTest"/>
  <testcase name="testVerifyTVSelected2" time="6.649" classname="com.tests.VerifyEBayTest"/>
</testsuite> <!-- Test Ebay TV Purchase -->
