<?xml version="1.0" encoding="UTF-8"?>
<!-- Generated by org.testng.reporters.JUnitXMLReporter -->
<testsuite hostname="192-168-1-8.tpgi.com.au" ignored="0" name="Test Ebay TV Purchase" tests="7" failures="0" timestamp="31 Jul 2018 13:26:25 GMT" time="210.49" errors="0">
  <testcase name="testLoginToEBay" time="54.198" classname="com.tests.VerifyEBayTest"/>
  <testcase name="testSearchTV1" time="9.593" classname="com.tests.VerifyEBayTest"/>
  <testcase name="testGetTV1" time="12.386" classname="com.tests.VerifyEBayTest"/>
  <testcase name="testVerifyTVSelected1" time="11.353" classname="com.tests.VerifyEBayTest"/>
  <testcase name="testSearchTV2" time="77.381" classname="com.tests.VerifyEBayTest"/>
  <testcase name="testGetTV2" time="24.235" classname="com.tests.VerifyEBayTest"/>
  <testcase name="testVerifyTVSelected2" time="4.144" classname="com.tests.VerifyEBayTest"/>
</testsuite> <!-- Test Ebay TV Purchase -->
